<?xml version="1.0" encoding="UTF-8"?>
<!-- Generated by org.testng.reporters.JUnitReportReporter -->
<testsuite hostname="ICS-LT-BF2T2F3" failures="0" tests="3" name="D46.OrgHrm" time="0.214" errors="0" timestamp="2024-08-06T15:51:19 IST" skipped="0">
  <testcase classname="D46.OrgHrm" name="testTitle" time="0.134"/>
  <system-out/>
  <testcase classname="D46.OrgHrm" name="testlogo" time="0.064"/>
  <system-out/>
  <testcase classname="D46.OrgHrm" name="testURL" time="0.016"/>
  <system-out/>
</testsuite> <!-- D46.OrgHrm -->
