<?xml version="1.0" encoding="UTF-8"?>
<!-- Generated by org.testng.reporters.JUnitReportReporter -->
<testsuite hostname="ICS-LT-BF2T2F3" failures="0" tests="3" name="D42.BasicTestng" time="0.017" errors="0" timestamp="2024-06-28T22:17:39 IST" skipped="0">
  <testcase classname="D42.BasicTestng" name="openbrowser" time="0.013"/>
  <system-out/>
  <testcase classname="D42.BasicTestng" name="Logged" time="0.002"/>
  <system-out/>
  <testcase classname="D42.BasicTestng" name="Login" time="0.002"/>
  <system-out/>
</testsuite> <!-- D42.BasicTestng -->
