<?xml version="1.0" encoding="UTF-8"?>
<!-- Generated by org.testng.reporters.JUnitReportReporter -->
<testsuite hostname="ICS-LT-BF2T2F3" failures="0" tests="3" name="D44.Logintest" time="0.018" errors="0" timestamp="2024-08-05T22:29:00 IST" skipped="0">
  <testcase classname="D44.Logintest" name="loginBYemail" time="0.014"/>
  <system-out/>
  <testcase classname="D44.Logintest" name="loginBYusername" time="0.002"/>
  <system-out/>
  <testcase classname="D44.Logintest" name="loginBYtwitter" time="0.002"/>
  <system-out/>
</testsuite> <!-- D44.Logintest -->
