<?xml version="1.0" encoding="UTF-8"?>
<!-- Generated by org.testng.reporters.JUnitReportReporter -->
<testsuite hostname="ICS-LT-BF2T2F3" failures="0" tests="1" name="D47.Test_Script" time="0.520" errors="0" timestamp="2024-08-07T15:28:10 IST" skipped="0">
  <testcase classname="D47.Test_Script" name="testlogin" time="0.520"/>
  <system-out/>
</testsuite> <!-- D47.Test_Script -->
