<?xml version="1.0" encoding="UTF-8"?>
<!-- Generated by org.testng.reporters.JUnitReportReporter -->
<testsuite hostname="ICS-LT-BF2T2F3" failures="0" tests="4" name="D42.OrangeTest" time="20.234" errors="0" timestamp="2024-06-28T22:17:39 IST" skipped="0">
  <testcase classname="D42.OrangeTest" name="initialixe" time="15.905"/>
  <system-out/>
  <testcase classname="D42.OrangeTest" name="logo" time="0.921"/>
  <system-out/>
  <testcase classname="D42.OrangeTest" name="login" time="1.844"/>
  <system-out/>
  <testcase classname="D42.OrangeTest" name="logout" time="1.564"/>
  <system-out/>
</testsuite> <!-- D42.OrangeTest -->
