<?xml version="1.0" encoding="UTF-8"?>
<!-- Generated by org.testng.reporters.JUnitReportReporter -->
<testsuite hostname="ICS-LT-BF2T2F3" failures="0" tests="4" name="D44.Dependency_methods" time="0.012" errors="0" timestamp="2024-07-15T19:37:07 IST" skipped="0">
  <testcase classname="D44.Dependency_methods" name="openapp" time="0.010"/>
  <system-out/>
  <testcase classname="D44.Dependency_methods" name="login" time="0.001"/>
  <system-out/>
  <testcase classname="D44.Dependency_methods" name="search" time="0.000"/>
  <system-out/>
  <testcase classname="D44.Dependency_methods" name="Advan_search" time="0.001"/>
  <system-out/>
</testsuite> <!-- D44.Dependency_methods -->
