<?xml version="1.0" encoding="UTF-8"?>
<!-- Generated by org.testng.reporters.JUnitReportReporter -->
<testsuite hostname="ICS-LT-BF2T2F3" failures="0" tests="3" name="D44.Signuptest" time="0.011" errors="0" timestamp="2024-08-05T22:29:00 IST" skipped="0">
  <testcase classname="D44.Signuptest" name="signBYemail" time="0.004"/>
  <system-out/>
  <testcase classname="D44.Signuptest" name="signBYusername" time="0.002"/>
  <system-out/>
  <testcase classname="D44.Signuptest" name="signBYtwitter" time="0.005"/>
  <system-out/>
</testsuite> <!-- D44.Signuptest -->
